[2022-07-30 17:44:35,580] {processor.py:153} INFO - Started process (PID=2417) to work on /opt/airflow/dags/mytutorial.py
[2022-07-30 17:44:35,581] {processor.py:641} INFO - Processing file /opt/airflow/dags/mytutorial.py for tasks to queue
[2022-07-30 17:44:35,582] {logging_mixin.py:115} INFO - [2022-07-30 17:44:35,582] {dagbag.py:508} INFO - Filling up the DagBag from /opt/airflow/dags/mytutorial.py
[2022-07-30 17:44:35,596] {processor.py:651} INFO - DAG(s) dict_keys(['tutorial']) retrieved from /opt/airflow/dags/mytutorial.py
[2022-07-30 17:44:35,628] {logging_mixin.py:115} INFO - [2022-07-30 17:44:35,628] {dag.py:2420} INFO - Sync 1 DAGs
[2022-07-30 17:44:35,638] {logging_mixin.py:115} INFO - [2022-07-30 17:44:35,638] {dag.py:2972} INFO - Setting next_dagrun for tutorial to 2022-07-29T17:44:35.638502+00:00, run_after=2022-07-30T17:44:35.638502+00:00
[2022-07-30 17:44:35,648] {processor.py:161} INFO - Processing /opt/airflow/dags/mytutorial.py took 0.071 seconds
[2022-07-30 17:45:06,066] {processor.py:153} INFO - Started process (PID=2480) to work on /opt/airflow/dags/mytutorial.py
[2022-07-30 17:45:06,068] {processor.py:641} INFO - Processing file /opt/airflow/dags/mytutorial.py for tasks to queue
[2022-07-30 17:45:06,069] {logging_mixin.py:115} INFO - [2022-07-30 17:45:06,069] {dagbag.py:508} INFO - Filling up the DagBag from /opt/airflow/dags/mytutorial.py
[2022-07-30 17:45:06,076] {processor.py:651} INFO - DAG(s) dict_keys(['tutorial']) retrieved from /opt/airflow/dags/mytutorial.py
[2022-07-30 17:45:06,091] {logging_mixin.py:115} INFO - [2022-07-30 17:45:06,091] {dag.py:2420} INFO - Sync 1 DAGs
[2022-07-30 17:45:06,102] {logging_mixin.py:115} INFO - [2022-07-30 17:45:06,102] {dag.py:2972} INFO - Setting next_dagrun for tutorial to 2022-07-29T17:45:06.102284+00:00, run_after=2022-07-30T17:45:06.102284+00:00
[2022-07-30 17:45:06,109] {processor.py:161} INFO - Processing /opt/airflow/dags/mytutorial.py took 0.045 seconds
[2022-07-30 17:45:36,550] {processor.py:153} INFO - Started process (PID=2542) to work on /opt/airflow/dags/mytutorial.py
[2022-07-30 17:45:36,552] {processor.py:641} INFO - Processing file /opt/airflow/dags/mytutorial.py for tasks to queue
[2022-07-30 17:45:36,553] {logging_mixin.py:115} INFO - [2022-07-30 17:45:36,553] {dagbag.py:508} INFO - Filling up the DagBag from /opt/airflow/dags/mytutorial.py
[2022-07-30 17:45:36,559] {processor.py:651} INFO - DAG(s) dict_keys(['tutorial']) retrieved from /opt/airflow/dags/mytutorial.py
[2022-07-30 17:45:36,568] {logging_mixin.py:115} INFO - [2022-07-30 17:45:36,568] {dag.py:2420} INFO - Sync 1 DAGs
[2022-07-30 17:45:36,579] {logging_mixin.py:115} INFO - [2022-07-30 17:45:36,579] {dag.py:2972} INFO - Setting next_dagrun for tutorial to 2022-07-29T17:45:36.579773+00:00, run_after=2022-07-30T17:45:36.579773+00:00
[2022-07-30 17:45:36,586] {processor.py:161} INFO - Processing /opt/airflow/dags/mytutorial.py took 0.038 seconds
[2022-07-30 17:46:06,982] {processor.py:153} INFO - Started process (PID=2605) to work on /opt/airflow/dags/mytutorial.py
[2022-07-30 17:46:06,984] {processor.py:641} INFO - Processing file /opt/airflow/dags/mytutorial.py for tasks to queue
[2022-07-30 17:46:06,985] {logging_mixin.py:115} INFO - [2022-07-30 17:46:06,985] {dagbag.py:508} INFO - Filling up the DagBag from /opt/airflow/dags/mytutorial.py
[2022-07-30 17:46:06,992] {processor.py:651} INFO - DAG(s) dict_keys(['tutorial']) retrieved from /opt/airflow/dags/mytutorial.py
[2022-07-30 17:46:07,031] {logging_mixin.py:115} INFO - [2022-07-30 17:46:07,031] {dag.py:2420} INFO - Sync 1 DAGs
[2022-07-30 17:46:07,043] {logging_mixin.py:115} INFO - [2022-07-30 17:46:07,043] {dag.py:2972} INFO - Setting next_dagrun for tutorial to 2022-07-29T17:46:07.043338+00:00, run_after=2022-07-30T17:46:07.043338+00:00
[2022-07-30 17:46:07,053] {processor.py:161} INFO - Processing /opt/airflow/dags/mytutorial.py took 0.073 seconds
[2022-07-30 17:46:37,458] {processor.py:153} INFO - Started process (PID=2658) to work on /opt/airflow/dags/mytutorial.py
[2022-07-30 17:46:37,460] {processor.py:641} INFO - Processing file /opt/airflow/dags/mytutorial.py for tasks to queue
[2022-07-30 17:46:37,463] {logging_mixin.py:115} INFO - [2022-07-30 17:46:37,463] {dagbag.py:508} INFO - Filling up the DagBag from /opt/airflow/dags/mytutorial.py
[2022-07-30 17:46:37,475] {processor.py:651} INFO - DAG(s) dict_keys(['tutorial']) retrieved from /opt/airflow/dags/mytutorial.py
[2022-07-30 17:46:37,498] {logging_mixin.py:115} INFO - [2022-07-30 17:46:37,498] {dag.py:2420} INFO - Sync 1 DAGs
[2022-07-30 17:46:37,516] {logging_mixin.py:115} INFO - [2022-07-30 17:46:37,516] {dag.py:2972} INFO - Setting next_dagrun for tutorial to 2022-07-29T17:46:37.516047+00:00, run_after=2022-07-30T17:46:37.516047+00:00
[2022-07-30 17:46:37,527] {processor.py:161} INFO - Processing /opt/airflow/dags/mytutorial.py took 0.074 seconds
[2022-07-30 17:47:07,926] {processor.py:153} INFO - Started process (PID=2720) to work on /opt/airflow/dags/mytutorial.py
[2022-07-30 17:47:07,929] {processor.py:641} INFO - Processing file /opt/airflow/dags/mytutorial.py for tasks to queue
[2022-07-30 17:47:07,930] {logging_mixin.py:115} INFO - [2022-07-30 17:47:07,930] {dagbag.py:508} INFO - Filling up the DagBag from /opt/airflow/dags/mytutorial.py
[2022-07-30 17:47:07,942] {processor.py:651} INFO - DAG(s) dict_keys(['tutorial']) retrieved from /opt/airflow/dags/mytutorial.py
[2022-07-30 17:47:07,957] {logging_mixin.py:115} INFO - [2022-07-30 17:47:07,957] {dag.py:2420} INFO - Sync 1 DAGs
[2022-07-30 17:47:07,973] {logging_mixin.py:115} INFO - [2022-07-30 17:47:07,973] {dag.py:2972} INFO - Setting next_dagrun for tutorial to 2022-07-29T17:47:07.972918+00:00, run_after=2022-07-30T17:47:07.972918+00:00
[2022-07-30 17:47:07,983] {processor.py:161} INFO - Processing /opt/airflow/dags/mytutorial.py took 0.063 seconds
[2022-07-30 17:47:38,385] {processor.py:153} INFO - Started process (PID=2782) to work on /opt/airflow/dags/mytutorial.py
[2022-07-30 17:47:38,389] {processor.py:641} INFO - Processing file /opt/airflow/dags/mytutorial.py for tasks to queue
[2022-07-30 17:47:38,391] {logging_mixin.py:115} INFO - [2022-07-30 17:47:38,391] {dagbag.py:508} INFO - Filling up the DagBag from /opt/airflow/dags/mytutorial.py
[2022-07-30 17:47:38,402] {processor.py:651} INFO - DAG(s) dict_keys(['tutorial']) retrieved from /opt/airflow/dags/mytutorial.py
[2022-07-30 17:47:38,448] {logging_mixin.py:115} INFO - [2022-07-30 17:47:38,448] {dag.py:2420} INFO - Sync 1 DAGs
[2022-07-30 17:47:38,458] {logging_mixin.py:115} INFO - [2022-07-30 17:47:38,458] {dag.py:2972} INFO - Setting next_dagrun for tutorial to 2022-07-29T17:47:38.458191+00:00, run_after=2022-07-30T17:47:38.458191+00:00
[2022-07-30 17:47:38,465] {processor.py:161} INFO - Processing /opt/airflow/dags/mytutorial.py took 0.086 seconds
[2022-07-30 17:48:08,898] {processor.py:153} INFO - Started process (PID=2846) to work on /opt/airflow/dags/mytutorial.py
[2022-07-30 17:48:08,900] {processor.py:641} INFO - Processing file /opt/airflow/dags/mytutorial.py for tasks to queue
[2022-07-30 17:48:08,903] {logging_mixin.py:115} INFO - [2022-07-30 17:48:08,903] {dagbag.py:508} INFO - Filling up the DagBag from /opt/airflow/dags/mytutorial.py
[2022-07-30 17:48:08,914] {processor.py:651} INFO - DAG(s) dict_keys(['tutorial']) retrieved from /opt/airflow/dags/mytutorial.py
[2022-07-30 17:48:08,936] {logging_mixin.py:115} INFO - [2022-07-30 17:48:08,936] {dag.py:2420} INFO - Sync 1 DAGs
[2022-07-30 17:48:08,949] {logging_mixin.py:115} INFO - [2022-07-30 17:48:08,949] {dag.py:2972} INFO - Setting next_dagrun for tutorial to 2022-07-29T17:48:08.949115+00:00, run_after=2022-07-30T17:48:08.949115+00:00
[2022-07-30 17:48:08,956] {processor.py:161} INFO - Processing /opt/airflow/dags/mytutorial.py took 0.063 seconds
[2022-07-30 17:48:39,497] {processor.py:153} INFO - Started process (PID=2908) to work on /opt/airflow/dags/mytutorial.py
[2022-07-30 17:48:39,500] {processor.py:641} INFO - Processing file /opt/airflow/dags/mytutorial.py for tasks to queue
[2022-07-30 17:48:39,501] {logging_mixin.py:115} INFO - [2022-07-30 17:48:39,501] {dagbag.py:508} INFO - Filling up the DagBag from /opt/airflow/dags/mytutorial.py
[2022-07-30 17:48:39,514] {processor.py:651} INFO - DAG(s) dict_keys(['tutorial']) retrieved from /opt/airflow/dags/mytutorial.py
[2022-07-30 17:48:39,529] {logging_mixin.py:115} INFO - [2022-07-30 17:48:39,529] {dag.py:2420} INFO - Sync 1 DAGs
[2022-07-30 17:48:39,544] {logging_mixin.py:115} INFO - [2022-07-30 17:48:39,544] {dag.py:2972} INFO - Setting next_dagrun for tutorial to 2022-07-29T17:48:39.544331+00:00, run_after=2022-07-30T17:48:39.544331+00:00
[2022-07-30 17:48:39,552] {processor.py:161} INFO - Processing /opt/airflow/dags/mytutorial.py took 0.061 seconds
[2022-07-30 17:49:09,918] {processor.py:153} INFO - Started process (PID=2970) to work on /opt/airflow/dags/mytutorial.py
[2022-07-30 17:49:09,920] {processor.py:641} INFO - Processing file /opt/airflow/dags/mytutorial.py for tasks to queue
[2022-07-30 17:49:09,921] {logging_mixin.py:115} INFO - [2022-07-30 17:49:09,921] {dagbag.py:508} INFO - Filling up the DagBag from /opt/airflow/dags/mytutorial.py
[2022-07-30 17:49:09,928] {processor.py:651} INFO - DAG(s) dict_keys(['tutorial']) retrieved from /opt/airflow/dags/mytutorial.py
[2022-07-30 17:49:09,960] {logging_mixin.py:115} INFO - [2022-07-30 17:49:09,960] {dag.py:2420} INFO - Sync 1 DAGs
[2022-07-30 17:49:09,970] {logging_mixin.py:115} INFO - [2022-07-30 17:49:09,970] {dag.py:2972} INFO - Setting next_dagrun for tutorial to 2022-07-29T17:49:09.970685+00:00, run_after=2022-07-30T17:49:09.970685+00:00
[2022-07-30 17:49:09,978] {processor.py:161} INFO - Processing /opt/airflow/dags/mytutorial.py took 0.062 seconds
[2022-07-30 17:49:40,681] {processor.py:153} INFO - Started process (PID=3023) to work on /opt/airflow/dags/mytutorial.py
[2022-07-30 17:49:40,682] {processor.py:641} INFO - Processing file /opt/airflow/dags/mytutorial.py for tasks to queue
[2022-07-30 17:49:40,684] {logging_mixin.py:115} INFO - [2022-07-30 17:49:40,684] {dagbag.py:508} INFO - Filling up the DagBag from /opt/airflow/dags/mytutorial.py
[2022-07-30 17:49:40,692] {processor.py:651} INFO - DAG(s) dict_keys(['tutorial']) retrieved from /opt/airflow/dags/mytutorial.py
[2022-07-30 17:49:40,710] {logging_mixin.py:115} INFO - [2022-07-30 17:49:40,710] {dag.py:2420} INFO - Sync 1 DAGs
[2022-07-30 17:49:40,733] {logging_mixin.py:115} INFO - [2022-07-30 17:49:40,733] {dag.py:2972} INFO - Setting next_dagrun for tutorial to 2022-07-29T17:49:40.733432+00:00, run_after=2022-07-30T17:49:40.733432+00:00
[2022-07-30 17:49:40,740] {processor.py:161} INFO - Processing /opt/airflow/dags/mytutorial.py took 0.063 seconds
[2022-07-30 17:49:57,806] {processor.py:153} INFO - Started process (PID=3043) to work on /opt/airflow/dags/mytutorial.py
[2022-07-30 17:49:57,808] {processor.py:641} INFO - Processing file /opt/airflow/dags/mytutorial.py for tasks to queue
[2022-07-30 17:49:57,811] {logging_mixin.py:115} INFO - [2022-07-30 17:49:57,810] {dagbag.py:508} INFO - Filling up the DagBag from /opt/airflow/dags/mytutorial.py
[2022-07-30 17:49:57,849] {processor.py:651} INFO - DAG(s) dict_keys(['legitnesstutorial']) retrieved from /opt/airflow/dags/mytutorial.py
[2022-07-30 17:49:57,926] {logging_mixin.py:115} INFO - [2022-07-30 17:49:57,926] {manager.py:508} INFO - Created Permission View: can read on DAG:legitnesstutorial
[2022-07-30 17:49:57,932] {logging_mixin.py:115} INFO - [2022-07-30 17:49:57,932] {manager.py:508} INFO - Created Permission View: can delete on DAG:legitnesstutorial
[2022-07-30 17:49:57,936] {logging_mixin.py:115} INFO - [2022-07-30 17:49:57,936] {manager.py:508} INFO - Created Permission View: can edit on DAG:legitnesstutorial
[2022-07-30 17:49:57,937] {logging_mixin.py:115} INFO - [2022-07-30 17:49:57,937] {dag.py:2420} INFO - Sync 1 DAGs
[2022-07-30 17:49:57,942] {logging_mixin.py:115} INFO - [2022-07-30 17:49:57,942] {dag.py:2439} INFO - Creating ORM DAG for legitnesstutorial
[2022-07-30 17:49:57,949] {logging_mixin.py:115} INFO - [2022-07-30 17:49:57,949] {dag.py:2972} INFO - Setting next_dagrun for legitnesstutorial to 2022-07-29T17:49:57.949206+00:00, run_after=2022-07-30T17:49:57.949206+00:00
[2022-07-30 17:49:57,958] {processor.py:161} INFO - Processing /opt/airflow/dags/mytutorial.py took 0.159 seconds
[2022-07-30 17:50:28,341] {processor.py:153} INFO - Started process (PID=3105) to work on /opt/airflow/dags/mytutorial.py
[2022-07-30 17:50:28,343] {processor.py:641} INFO - Processing file /opt/airflow/dags/mytutorial.py for tasks to queue
[2022-07-30 17:50:28,345] {logging_mixin.py:115} INFO - [2022-07-30 17:50:28,345] {dagbag.py:508} INFO - Filling up the DagBag from /opt/airflow/dags/mytutorial.py
[2022-07-30 17:50:28,375] {processor.py:651} INFO - DAG(s) dict_keys(['legitnesstutorial']) retrieved from /opt/airflow/dags/mytutorial.py
[2022-07-30 17:50:28,393] {logging_mixin.py:115} INFO - [2022-07-30 17:50:28,393] {dag.py:2420} INFO - Sync 1 DAGs
[2022-07-30 17:50:28,412] {logging_mixin.py:115} INFO - [2022-07-30 17:50:28,412] {dag.py:2972} INFO - Setting next_dagrun for legitnesstutorial to 2022-07-29T17:50:28.412129+00:00, run_after=2022-07-30T17:50:28.412129+00:00
[2022-07-30 17:50:28,421] {processor.py:161} INFO - Processing /opt/airflow/dags/mytutorial.py took 0.083 seconds
[2022-07-30 17:50:58,847] {processor.py:153} INFO - Started process (PID=3167) to work on /opt/airflow/dags/mytutorial.py
[2022-07-30 17:50:58,849] {processor.py:641} INFO - Processing file /opt/airflow/dags/mytutorial.py for tasks to queue
[2022-07-30 17:50:58,851] {logging_mixin.py:115} INFO - [2022-07-30 17:50:58,851] {dagbag.py:508} INFO - Filling up the DagBag from /opt/airflow/dags/mytutorial.py
[2022-07-30 17:50:58,860] {processor.py:651} INFO - DAG(s) dict_keys(['legitnesstutorial']) retrieved from /opt/airflow/dags/mytutorial.py
[2022-07-30 17:50:58,877] {logging_mixin.py:115} INFO - [2022-07-30 17:50:58,877] {dag.py:2420} INFO - Sync 1 DAGs
[2022-07-30 17:50:58,889] {logging_mixin.py:115} INFO - [2022-07-30 17:50:58,889] {dag.py:2972} INFO - Setting next_dagrun for legitnesstutorial to 2022-07-29T17:50:58.889737+00:00, run_after=2022-07-30T17:50:58.889737+00:00
[2022-07-30 17:50:58,897] {processor.py:161} INFO - Processing /opt/airflow/dags/mytutorial.py took 0.057 seconds
[2022-07-30 17:51:29,270] {processor.py:153} INFO - Started process (PID=3228) to work on /opt/airflow/dags/mytutorial.py
[2022-07-30 17:51:29,272] {processor.py:641} INFO - Processing file /opt/airflow/dags/mytutorial.py for tasks to queue
[2022-07-30 17:51:29,273] {logging_mixin.py:115} INFO - [2022-07-30 17:51:29,273] {dagbag.py:508} INFO - Filling up the DagBag from /opt/airflow/dags/mytutorial.py
[2022-07-30 17:51:29,283] {processor.py:651} INFO - DAG(s) dict_keys(['legitnesstutorial']) retrieved from /opt/airflow/dags/mytutorial.py
[2022-07-30 17:51:29,302] {logging_mixin.py:115} INFO - [2022-07-30 17:51:29,302] {dag.py:2420} INFO - Sync 1 DAGs
[2022-07-30 17:51:29,314] {logging_mixin.py:115} INFO - [2022-07-30 17:51:29,314] {dag.py:2972} INFO - Setting next_dagrun for legitnesstutorial to 2022-07-29T17:51:29.314610+00:00, run_after=2022-07-30T17:51:29.314610+00:00
[2022-07-30 17:51:29,321] {processor.py:161} INFO - Processing /opt/airflow/dags/mytutorial.py took 0.058 seconds
[2022-07-30 17:51:59,803] {processor.py:153} INFO - Started process (PID=3281) to work on /opt/airflow/dags/mytutorial.py
[2022-07-30 17:51:59,806] {processor.py:641} INFO - Processing file /opt/airflow/dags/mytutorial.py for tasks to queue
[2022-07-30 17:51:59,808] {logging_mixin.py:115} INFO - [2022-07-30 17:51:59,808] {dagbag.py:508} INFO - Filling up the DagBag from /opt/airflow/dags/mytutorial.py
[2022-07-30 17:51:59,818] {processor.py:651} INFO - DAG(s) dict_keys(['legitnesstutorial']) retrieved from /opt/airflow/dags/mytutorial.py
[2022-07-30 17:51:59,838] {logging_mixin.py:115} INFO - [2022-07-30 17:51:59,838] {dag.py:2420} INFO - Sync 1 DAGs
[2022-07-30 17:51:59,851] {logging_mixin.py:115} INFO - [2022-07-30 17:51:59,851] {dag.py:2972} INFO - Setting next_dagrun for legitnesstutorial to 2022-07-29T17:51:59.851438+00:00, run_after=2022-07-30T17:51:59.851438+00:00
[2022-07-30 17:51:59,859] {processor.py:161} INFO - Processing /opt/airflow/dags/mytutorial.py took 0.062 seconds
[2022-07-30 17:52:30,245] {processor.py:153} INFO - Started process (PID=3343) to work on /opt/airflow/dags/mytutorial.py
[2022-07-30 17:52:30,248] {processor.py:641} INFO - Processing file /opt/airflow/dags/mytutorial.py for tasks to queue
[2022-07-30 17:52:30,250] {logging_mixin.py:115} INFO - [2022-07-30 17:52:30,250] {dagbag.py:508} INFO - Filling up the DagBag from /opt/airflow/dags/mytutorial.py
[2022-07-30 17:52:30,260] {processor.py:651} INFO - DAG(s) dict_keys(['legitnesstutorial']) retrieved from /opt/airflow/dags/mytutorial.py
[2022-07-30 17:52:30,275] {logging_mixin.py:115} INFO - [2022-07-30 17:52:30,275] {dag.py:2420} INFO - Sync 1 DAGs
[2022-07-30 17:52:30,287] {logging_mixin.py:115} INFO - [2022-07-30 17:52:30,287] {dag.py:2972} INFO - Setting next_dagrun for legitnesstutorial to 2022-07-29T17:52:30.287264+00:00, run_after=2022-07-30T17:52:30.287264+00:00
[2022-07-30 17:52:30,294] {processor.py:161} INFO - Processing /opt/airflow/dags/mytutorial.py took 0.051 seconds
[2022-07-30 17:52:50,060] {processor.py:153} INFO - Started process (PID=32) to work on /opt/airflow/dags/mytutorial.py
[2022-07-30 17:52:50,063] {processor.py:641} INFO - Processing file /opt/airflow/dags/mytutorial.py for tasks to queue
[2022-07-30 17:52:50,064] {logging_mixin.py:115} INFO - [2022-07-30 17:52:50,064] {dagbag.py:508} INFO - Filling up the DagBag from /opt/airflow/dags/mytutorial.py
[2022-07-30 17:52:50,079] {processor.py:651} INFO - DAG(s) dict_keys(['legitnesstutorial']) retrieved from /opt/airflow/dags/mytutorial.py
[2022-07-30 17:52:50,292] {logging_mixin.py:115} INFO - [2022-07-30 17:52:50,292] {dag.py:2420} INFO - Sync 1 DAGs
[2022-07-30 17:52:50,301] {logging_mixin.py:115} INFO - [2022-07-30 17:52:50,300] {dag.py:2439} INFO - Creating ORM DAG for legitnesstutorial
[2022-07-30 17:52:50,311] {logging_mixin.py:115} INFO - [2022-07-30 17:52:50,311] {dag.py:2972} INFO - Setting next_dagrun for legitnesstutorial to 2022-07-29T17:52:50.311204+00:00, run_after=2022-07-30T17:52:50.311204+00:00
[2022-07-30 17:52:50,361] {processor.py:161} INFO - Processing /opt/airflow/dags/mytutorial.py took 0.304 seconds
[2022-07-30 17:53:20,593] {processor.py:153} INFO - Started process (PID=95) to work on /opt/airflow/dags/mytutorial.py
[2022-07-30 17:53:20,596] {processor.py:641} INFO - Processing file /opt/airflow/dags/mytutorial.py for tasks to queue
[2022-07-30 17:53:20,598] {logging_mixin.py:115} INFO - [2022-07-30 17:53:20,598] {dagbag.py:508} INFO - Filling up the DagBag from /opt/airflow/dags/mytutorial.py
[2022-07-30 17:53:20,614] {processor.py:651} INFO - DAG(s) dict_keys(['legitnesstutorial']) retrieved from /opt/airflow/dags/mytutorial.py
[2022-07-30 17:53:20,642] {logging_mixin.py:115} INFO - [2022-07-30 17:53:20,642] {dag.py:2420} INFO - Sync 1 DAGs
[2022-07-30 17:53:20,734] {logging_mixin.py:115} INFO - [2022-07-30 17:53:20,734] {dag.py:2972} INFO - Setting next_dagrun for legitnesstutorial to 2022-07-29T17:53:20.734129+00:00, run_after=2022-07-30T17:53:20.734129+00:00
[2022-07-30 17:53:20,741] {processor.py:161} INFO - Processing /opt/airflow/dags/mytutorial.py took 0.156 seconds
[2022-07-30 17:53:51,024] {processor.py:153} INFO - Started process (PID=158) to work on /opt/airflow/dags/mytutorial.py
[2022-07-30 17:53:51,025] {processor.py:641} INFO - Processing file /opt/airflow/dags/mytutorial.py for tasks to queue
[2022-07-30 17:53:51,027] {logging_mixin.py:115} INFO - [2022-07-30 17:53:51,027] {dagbag.py:508} INFO - Filling up the DagBag from /opt/airflow/dags/mytutorial.py
[2022-07-30 17:53:51,042] {processor.py:651} INFO - DAG(s) dict_keys(['legitnesstutorial']) retrieved from /opt/airflow/dags/mytutorial.py
[2022-07-30 17:53:51,071] {logging_mixin.py:115} INFO - [2022-07-30 17:53:51,071] {dag.py:2420} INFO - Sync 1 DAGs
[2022-07-30 17:53:51,202] {logging_mixin.py:115} INFO - [2022-07-30 17:53:51,200] {dag.py:2972} INFO - Setting next_dagrun for legitnesstutorial to 2022-07-29T17:53:51.200567+00:00, run_after=2022-07-30T17:53:51.200567+00:00
[2022-07-30 17:53:51,219] {processor.py:161} INFO - Processing /opt/airflow/dags/mytutorial.py took 0.203 seconds
[2022-07-30 17:54:07,279] {processor.py:153} INFO - Started process (PID=203) to work on /opt/airflow/dags/mytutorial.py
[2022-07-30 17:54:07,280] {processor.py:641} INFO - Processing file /opt/airflow/dags/mytutorial.py for tasks to queue
[2022-07-30 17:54:07,280] {logging_mixin.py:115} INFO - [2022-07-30 17:54:07,280] {dagbag.py:508} INFO - Filling up the DagBag from /opt/airflow/dags/mytutorial.py
[2022-07-30 17:54:07,295] {logging_mixin.py:115} INFO - [2022-07-30 17:54:07,292] {dagbag.py:321} ERROR - Failed to import: /opt/airflow/dags/mytutorial.py
Traceback (most recent call last):
  File "/home/airflow/.local/lib/python3.7/site-packages/airflow/models/dagbag.py", line 318, in parse
    loader.exec_module(new_module)
  File "<frozen importlib._bootstrap_external>", line 728, in exec_module
  File "<frozen importlib._bootstrap>", line 219, in _call_with_frames_removed
  File "/opt/airflow/dags/mytutorial.py", line 38, in <module>
    tags=['example'],
  File "/home/airflow/.local/lib/python3.7/site-packages/airflow/models/dag.py", line 366, in __init__
    validate_key(dag_id)
  File "/home/airflow/.local/lib/python3.7/site-packages/airflow/utils/helpers.py", line 64, in validate_key
    f"The key {k!r} has to be made of alphanumeric characters, dashes, "
airflow.exceptions.AirflowException: The key 'AAA - my example' has to be made of alphanumeric characters, dashes, dots and underscores exclusively
[2022-07-30 17:54:07,296] {processor.py:653} WARNING - No viable dags retrieved from /opt/airflow/dags/mytutorial.py
[2022-07-30 17:54:07,308] {processor.py:161} INFO - Processing /opt/airflow/dags/mytutorial.py took 0.032 seconds
[2022-07-30 17:54:31,561] {processor.py:153} INFO - Started process (PID=256) to work on /opt/airflow/dags/mytutorial.py
[2022-07-30 17:54:31,564] {processor.py:641} INFO - Processing file /opt/airflow/dags/mytutorial.py for tasks to queue
[2022-07-30 17:54:31,565] {logging_mixin.py:115} INFO - [2022-07-30 17:54:31,565] {dagbag.py:508} INFO - Filling up the DagBag from /opt/airflow/dags/mytutorial.py
[2022-07-30 17:54:31,589] {processor.py:651} INFO - DAG(s) dict_keys(['AAA-myExample']) retrieved from /opt/airflow/dags/mytutorial.py
[2022-07-30 17:54:31,721] {logging_mixin.py:115} INFO - [2022-07-30 17:54:31,721] {manager.py:508} INFO - Created Permission View: can edit on DAG:AAA-myExample
[2022-07-30 17:54:31,727] {logging_mixin.py:115} INFO - [2022-07-30 17:54:31,727] {manager.py:508} INFO - Created Permission View: can delete on DAG:AAA-myExample
[2022-07-30 17:54:31,731] {logging_mixin.py:115} INFO - [2022-07-30 17:54:31,731] {manager.py:508} INFO - Created Permission View: can read on DAG:AAA-myExample
[2022-07-30 17:54:31,731] {logging_mixin.py:115} INFO - [2022-07-30 17:54:31,731] {dag.py:2420} INFO - Sync 1 DAGs
[2022-07-30 17:54:31,735] {logging_mixin.py:115} INFO - [2022-07-30 17:54:31,735] {dag.py:2439} INFO - Creating ORM DAG for AAA-myExample
[2022-07-30 17:54:31,741] {logging_mixin.py:115} INFO - [2022-07-30 17:54:31,741] {dag.py:2972} INFO - Setting next_dagrun for AAA-myExample to 2022-07-29T17:54:31.741297+00:00, run_after=2022-07-30T17:54:31.741297+00:00
[2022-07-30 17:54:31,750] {processor.py:161} INFO - Processing /opt/airflow/dags/mytutorial.py took 0.193 seconds
[2022-07-30 17:55:01,906] {processor.py:153} INFO - Started process (PID=318) to work on /opt/airflow/dags/mytutorial.py
[2022-07-30 17:55:01,908] {processor.py:641} INFO - Processing file /opt/airflow/dags/mytutorial.py for tasks to queue
[2022-07-30 17:55:01,911] {logging_mixin.py:115} INFO - [2022-07-30 17:55:01,911] {dagbag.py:508} INFO - Filling up the DagBag from /opt/airflow/dags/mytutorial.py
[2022-07-30 17:55:01,928] {processor.py:651} INFO - DAG(s) dict_keys(['AAA-myExample']) retrieved from /opt/airflow/dags/mytutorial.py
[2022-07-30 17:55:01,951] {logging_mixin.py:115} INFO - [2022-07-30 17:55:01,951] {dag.py:2420} INFO - Sync 1 DAGs
[2022-07-30 17:55:02,037] {logging_mixin.py:115} INFO - [2022-07-30 17:55:02,037] {dag.py:2972} INFO - Setting next_dagrun for AAA-myExample to 2022-07-29T17:55:02.037656+00:00, run_after=2022-07-30T17:55:02.037656+00:00
[2022-07-30 17:55:02,050] {processor.py:161} INFO - Processing /opt/airflow/dags/mytutorial.py took 0.150 seconds
[2022-07-30 17:55:32,145] {processor.py:153} INFO - Started process (PID=380) to work on /opt/airflow/dags/mytutorial.py
[2022-07-30 17:55:32,146] {processor.py:641} INFO - Processing file /opt/airflow/dags/mytutorial.py for tasks to queue
[2022-07-30 17:55:32,147] {logging_mixin.py:115} INFO - [2022-07-30 17:55:32,147] {dagbag.py:508} INFO - Filling up the DagBag from /opt/airflow/dags/mytutorial.py
[2022-07-30 17:55:32,154] {processor.py:651} INFO - DAG(s) dict_keys(['AAA-myExample']) retrieved from /opt/airflow/dags/mytutorial.py
[2022-07-30 17:55:32,190] {logging_mixin.py:115} INFO - [2022-07-30 17:55:32,190] {dag.py:2420} INFO - Sync 1 DAGs
[2022-07-30 17:55:32,286] {logging_mixin.py:115} INFO - [2022-07-30 17:55:32,286] {dag.py:2972} INFO - Setting next_dagrun for AAA-myExample to 2022-07-29T17:55:32.286234+00:00, run_after=2022-07-30T17:55:32.286234+00:00
[2022-07-30 17:55:32,293] {processor.py:161} INFO - Processing /opt/airflow/dags/mytutorial.py took 0.150 seconds
[2022-07-30 17:56:02,408] {processor.py:153} INFO - Started process (PID=442) to work on /opt/airflow/dags/mytutorial.py
[2022-07-30 17:56:02,411] {processor.py:641} INFO - Processing file /opt/airflow/dags/mytutorial.py for tasks to queue
[2022-07-30 17:56:02,412] {logging_mixin.py:115} INFO - [2022-07-30 17:56:02,412] {dagbag.py:508} INFO - Filling up the DagBag from /opt/airflow/dags/mytutorial.py
[2022-07-30 17:56:02,423] {processor.py:651} INFO - DAG(s) dict_keys(['AAA-myExample']) retrieved from /opt/airflow/dags/mytutorial.py
[2022-07-30 17:56:02,448] {logging_mixin.py:115} INFO - [2022-07-30 17:56:02,448] {dag.py:2420} INFO - Sync 1 DAGs
[2022-07-30 17:56:02,529] {logging_mixin.py:115} INFO - [2022-07-30 17:56:02,529] {dag.py:2972} INFO - Setting next_dagrun for AAA-myExample to 2022-07-29T17:56:02.528936+00:00, run_after=2022-07-30T17:56:02.528936+00:00
[2022-07-30 17:56:02,535] {processor.py:161} INFO - Processing /opt/airflow/dags/mytutorial.py took 0.133 seconds
[2022-07-30 17:56:33,455] {processor.py:153} INFO - Started process (PID=505) to work on /opt/airflow/dags/mytutorial.py
[2022-07-30 17:56:33,457] {processor.py:641} INFO - Processing file /opt/airflow/dags/mytutorial.py for tasks to queue
[2022-07-30 17:56:33,459] {logging_mixin.py:115} INFO - [2022-07-30 17:56:33,458] {dagbag.py:508} INFO - Filling up the DagBag from /opt/airflow/dags/mytutorial.py
[2022-07-30 17:56:33,472] {processor.py:651} INFO - DAG(s) dict_keys(['AAA-myExample']) retrieved from /opt/airflow/dags/mytutorial.py
[2022-07-30 17:56:33,496] {logging_mixin.py:115} INFO - [2022-07-30 17:56:33,496] {dag.py:2420} INFO - Sync 1 DAGs
[2022-07-30 17:56:33,575] {logging_mixin.py:115} INFO - [2022-07-30 17:56:33,575] {dag.py:2972} INFO - Setting next_dagrun for AAA-myExample to 2022-07-29T17:56:33.575800+00:00, run_after=2022-07-30T17:56:33.575800+00:00
[2022-07-30 17:56:33,582] {processor.py:161} INFO - Processing /opt/airflow/dags/mytutorial.py took 0.133 seconds
[2022-07-30 17:57:04,473] {processor.py:153} INFO - Started process (PID=568) to work on /opt/airflow/dags/mytutorial.py
[2022-07-30 17:57:04,474] {processor.py:641} INFO - Processing file /opt/airflow/dags/mytutorial.py for tasks to queue
[2022-07-30 17:57:04,475] {logging_mixin.py:115} INFO - [2022-07-30 17:57:04,475] {dagbag.py:508} INFO - Filling up the DagBag from /opt/airflow/dags/mytutorial.py
[2022-07-30 17:57:04,482] {processor.py:651} INFO - DAG(s) dict_keys(['AAA-myExample']) retrieved from /opt/airflow/dags/mytutorial.py
[2022-07-30 17:57:04,499] {logging_mixin.py:115} INFO - [2022-07-30 17:57:04,499] {dag.py:2420} INFO - Sync 1 DAGs
[2022-07-30 17:57:04,584] {logging_mixin.py:115} INFO - [2022-07-30 17:57:04,584] {dag.py:2972} INFO - Setting next_dagrun for AAA-myExample to 2022-07-29T17:57:04.584217+00:00, run_after=2022-07-30T17:57:04.584217+00:00
[2022-07-30 17:57:04,590] {processor.py:161} INFO - Processing /opt/airflow/dags/mytutorial.py took 0.120 seconds
[2022-07-30 17:57:34,839] {processor.py:153} INFO - Started process (PID=621) to work on /opt/airflow/dags/mytutorial.py
[2022-07-30 17:57:34,842] {processor.py:641} INFO - Processing file /opt/airflow/dags/mytutorial.py for tasks to queue
[2022-07-30 17:57:34,843] {logging_mixin.py:115} INFO - [2022-07-30 17:57:34,843] {dagbag.py:508} INFO - Filling up the DagBag from /opt/airflow/dags/mytutorial.py
[2022-07-30 17:57:34,854] {processor.py:651} INFO - DAG(s) dict_keys(['AAA-myExample']) retrieved from /opt/airflow/dags/mytutorial.py
[2022-07-30 17:57:34,877] {logging_mixin.py:115} INFO - [2022-07-30 17:57:34,877] {dag.py:2420} INFO - Sync 1 DAGs
[2022-07-30 17:57:34,958] {logging_mixin.py:115} INFO - [2022-07-30 17:57:34,958] {dag.py:2972} INFO - Setting next_dagrun for AAA-myExample to 2022-07-29T17:57:34.958543+00:00, run_after=2022-07-30T17:57:34.958543+00:00
[2022-07-30 17:57:34,964] {processor.py:161} INFO - Processing /opt/airflow/dags/mytutorial.py took 0.130 seconds
[2022-07-30 17:58:05,602] {processor.py:153} INFO - Started process (PID=683) to work on /opt/airflow/dags/mytutorial.py
[2022-07-30 17:58:05,604] {processor.py:641} INFO - Processing file /opt/airflow/dags/mytutorial.py for tasks to queue
[2022-07-30 17:58:05,605] {logging_mixin.py:115} INFO - [2022-07-30 17:58:05,605] {dagbag.py:508} INFO - Filling up the DagBag from /opt/airflow/dags/mytutorial.py
[2022-07-30 17:58:05,623] {processor.py:651} INFO - DAG(s) dict_keys(['AAA-myExample']) retrieved from /opt/airflow/dags/mytutorial.py
[2022-07-30 17:58:05,667] {logging_mixin.py:115} INFO - [2022-07-30 17:58:05,667] {dag.py:2420} INFO - Sync 1 DAGs
[2022-07-30 17:58:05,782] {logging_mixin.py:115} INFO - [2022-07-30 17:58:05,782] {dag.py:2972} INFO - Setting next_dagrun for AAA-myExample to 2022-07-29T17:58:05.782562+00:00, run_after=2022-07-30T17:58:05.782562+00:00
[2022-07-30 17:58:05,790] {processor.py:161} INFO - Processing /opt/airflow/dags/mytutorial.py took 0.195 seconds
[2022-07-30 17:58:36,756] {processor.py:153} INFO - Started process (PID=747) to work on /opt/airflow/dags/mytutorial.py
[2022-07-30 17:58:36,758] {processor.py:641} INFO - Processing file /opt/airflow/dags/mytutorial.py for tasks to queue
[2022-07-30 17:58:36,758] {logging_mixin.py:115} INFO - [2022-07-30 17:58:36,758] {dagbag.py:508} INFO - Filling up the DagBag from /opt/airflow/dags/mytutorial.py
[2022-07-30 17:58:36,765] {processor.py:651} INFO - DAG(s) dict_keys(['AAA-myExample']) retrieved from /opt/airflow/dags/mytutorial.py
[2022-07-30 17:58:36,789] {logging_mixin.py:115} INFO - [2022-07-30 17:58:36,789] {dag.py:2420} INFO - Sync 1 DAGs
[2022-07-30 17:58:36,875] {logging_mixin.py:115} INFO - [2022-07-30 17:58:36,875] {dag.py:2972} INFO - Setting next_dagrun for AAA-myExample to 2022-07-29T17:58:36.875548+00:00, run_after=2022-07-30T17:58:36.875548+00:00
[2022-07-30 17:58:36,882] {processor.py:161} INFO - Processing /opt/airflow/dags/mytutorial.py took 0.128 seconds
[2022-07-30 17:59:07,223] {processor.py:153} INFO - Started process (PID=809) to work on /opt/airflow/dags/mytutorial.py
[2022-07-30 17:59:07,226] {processor.py:641} INFO - Processing file /opt/airflow/dags/mytutorial.py for tasks to queue
[2022-07-30 17:59:07,227] {logging_mixin.py:115} INFO - [2022-07-30 17:59:07,227] {dagbag.py:508} INFO - Filling up the DagBag from /opt/airflow/dags/mytutorial.py
[2022-07-30 17:59:07,239] {processor.py:651} INFO - DAG(s) dict_keys(['AAA-myExample']) retrieved from /opt/airflow/dags/mytutorial.py
[2022-07-30 17:59:07,264] {logging_mixin.py:115} INFO - [2022-07-30 17:59:07,264] {dag.py:2420} INFO - Sync 1 DAGs
[2022-07-30 17:59:07,347] {logging_mixin.py:115} INFO - [2022-07-30 17:59:07,347] {dag.py:2972} INFO - Setting next_dagrun for AAA-myExample to 2022-07-29T17:59:07.347037+00:00, run_after=2022-07-30T17:59:07.347037+00:00
[2022-07-30 17:59:07,353] {processor.py:161} INFO - Processing /opt/airflow/dags/mytutorial.py took 0.136 seconds
[2022-07-30 17:59:37,406] {processor.py:153} INFO - Started process (PID=872) to work on /opt/airflow/dags/mytutorial.py
[2022-07-30 17:59:37,408] {processor.py:641} INFO - Processing file /opt/airflow/dags/mytutorial.py for tasks to queue
[2022-07-30 17:59:37,409] {logging_mixin.py:115} INFO - [2022-07-30 17:59:37,409] {dagbag.py:508} INFO - Filling up the DagBag from /opt/airflow/dags/mytutorial.py
[2022-07-30 17:59:37,415] {processor.py:651} INFO - DAG(s) dict_keys(['AAA-myExample']) retrieved from /opt/airflow/dags/mytutorial.py
[2022-07-30 17:59:37,432] {logging_mixin.py:115} INFO - [2022-07-30 17:59:37,431] {dag.py:2420} INFO - Sync 1 DAGs
[2022-07-30 17:59:37,513] {logging_mixin.py:115} INFO - [2022-07-30 17:59:37,513] {dag.py:2972} INFO - Setting next_dagrun for AAA-myExample to 2022-07-29T17:59:37.513116+00:00, run_after=2022-07-30T17:59:37.513116+00:00
[2022-07-30 17:59:37,519] {processor.py:161} INFO - Processing /opt/airflow/dags/mytutorial.py took 0.115 seconds
[2022-07-30 18:00:08,147] {processor.py:153} INFO - Started process (PID=926) to work on /opt/airflow/dags/mytutorial.py
[2022-07-30 18:00:08,149] {processor.py:641} INFO - Processing file /opt/airflow/dags/mytutorial.py for tasks to queue
[2022-07-30 18:00:08,150] {logging_mixin.py:115} INFO - [2022-07-30 18:00:08,150] {dagbag.py:508} INFO - Filling up the DagBag from /opt/airflow/dags/mytutorial.py
[2022-07-30 18:00:08,158] {processor.py:651} INFO - DAG(s) dict_keys(['AAA-myExample']) retrieved from /opt/airflow/dags/mytutorial.py
[2022-07-30 18:00:08,177] {logging_mixin.py:115} INFO - [2022-07-30 18:00:08,177] {dag.py:2420} INFO - Sync 1 DAGs
[2022-07-30 18:00:08,273] {logging_mixin.py:115} INFO - [2022-07-30 18:00:08,273] {dag.py:2972} INFO - Setting next_dagrun for AAA-myExample to 2022-07-29T18:00:08.273035+00:00, run_after=2022-07-30T18:00:08.273035+00:00
[2022-07-30 18:00:08,289] {processor.py:161} INFO - Processing /opt/airflow/dags/mytutorial.py took 0.144 seconds
[2022-07-30 18:00:39,022] {processor.py:153} INFO - Started process (PID=987) to work on /opt/airflow/dags/mytutorial.py
[2022-07-30 18:00:39,024] {processor.py:641} INFO - Processing file /opt/airflow/dags/mytutorial.py for tasks to queue
[2022-07-30 18:00:39,026] {logging_mixin.py:115} INFO - [2022-07-30 18:00:39,026] {dagbag.py:508} INFO - Filling up the DagBag from /opt/airflow/dags/mytutorial.py
[2022-07-30 18:00:39,039] {processor.py:651} INFO - DAG(s) dict_keys(['AAA-myExample']) retrieved from /opt/airflow/dags/mytutorial.py
[2022-07-30 18:00:39,064] {logging_mixin.py:115} INFO - [2022-07-30 18:00:39,064] {dag.py:2420} INFO - Sync 1 DAGs
[2022-07-30 18:00:39,146] {logging_mixin.py:115} INFO - [2022-07-30 18:00:39,146] {dag.py:2972} INFO - Setting next_dagrun for AAA-myExample to 2022-07-29T18:00:39.146177+00:00, run_after=2022-07-30T18:00:39.146177+00:00
[2022-07-30 18:00:39,152] {processor.py:161} INFO - Processing /opt/airflow/dags/mytutorial.py took 0.135 seconds
[2022-07-30 18:01:09,210] {processor.py:153} INFO - Started process (PID=1049) to work on /opt/airflow/dags/mytutorial.py
[2022-07-30 18:01:09,211] {processor.py:641} INFO - Processing file /opt/airflow/dags/mytutorial.py for tasks to queue
[2022-07-30 18:01:09,212] {logging_mixin.py:115} INFO - [2022-07-30 18:01:09,212] {dagbag.py:508} INFO - Filling up the DagBag from /opt/airflow/dags/mytutorial.py
[2022-07-30 18:01:09,218] {processor.py:651} INFO - DAG(s) dict_keys(['AAA-myExample']) retrieved from /opt/airflow/dags/mytutorial.py
[2022-07-30 18:01:09,238] {logging_mixin.py:115} INFO - [2022-07-30 18:01:09,238] {dag.py:2420} INFO - Sync 1 DAGs
[2022-07-30 18:01:09,325] {logging_mixin.py:115} INFO - [2022-07-30 18:01:09,325] {dag.py:2972} INFO - Setting next_dagrun for AAA-myExample to 2022-07-29T18:01:09.325717+00:00, run_after=2022-07-30T18:01:09.325717+00:00
[2022-07-30 18:01:09,333] {processor.py:161} INFO - Processing /opt/airflow/dags/mytutorial.py took 0.125 seconds
[2022-07-30 18:01:39,661] {processor.py:153} INFO - Started process (PID=1109) to work on /opt/airflow/dags/mytutorial.py
[2022-07-30 18:01:39,663] {processor.py:641} INFO - Processing file /opt/airflow/dags/mytutorial.py for tasks to queue
[2022-07-30 18:01:39,666] {logging_mixin.py:115} INFO - [2022-07-30 18:01:39,666] {dagbag.py:508} INFO - Filling up the DagBag from /opt/airflow/dags/mytutorial.py
[2022-07-30 18:01:39,674] {processor.py:651} INFO - DAG(s) dict_keys(['AAA-myExample']) retrieved from /opt/airflow/dags/mytutorial.py
[2022-07-30 18:01:39,694] {logging_mixin.py:115} INFO - [2022-07-30 18:01:39,694] {dag.py:2420} INFO - Sync 1 DAGs
[2022-07-30 18:01:39,777] {logging_mixin.py:115} INFO - [2022-07-30 18:01:39,777] {dag.py:2972} INFO - Setting next_dagrun for AAA-myExample to 2022-07-29T18:01:39.777235+00:00, run_after=2022-07-30T18:01:39.777235+00:00
[2022-07-30 18:01:39,784] {processor.py:161} INFO - Processing /opt/airflow/dags/mytutorial.py took 0.126 seconds
[2022-07-30 18:02:09,874] {processor.py:153} INFO - Started process (PID=1172) to work on /opt/airflow/dags/mytutorial.py
[2022-07-30 18:02:09,879] {processor.py:641} INFO - Processing file /opt/airflow/dags/mytutorial.py for tasks to queue
[2022-07-30 18:02:09,883] {logging_mixin.py:115} INFO - [2022-07-30 18:02:09,883] {dagbag.py:508} INFO - Filling up the DagBag from /opt/airflow/dags/mytutorial.py
[2022-07-30 18:02:09,900] {processor.py:651} INFO - DAG(s) dict_keys(['AAA-myExample']) retrieved from /opt/airflow/dags/mytutorial.py
[2022-07-30 18:02:09,924] {logging_mixin.py:115} INFO - [2022-07-30 18:02:09,924] {dag.py:2420} INFO - Sync 1 DAGs
[2022-07-30 18:02:10,015] {logging_mixin.py:115} INFO - [2022-07-30 18:02:10,015] {dag.py:2972} INFO - Setting next_dagrun for AAA-myExample to 2022-07-29T18:02:10.015584+00:00, run_after=2022-07-30T18:02:10.015584+00:00
[2022-07-30 18:02:10,021] {processor.py:161} INFO - Processing /opt/airflow/dags/mytutorial.py took 0.152 seconds
[2022-07-30 18:02:40,267] {processor.py:153} INFO - Started process (PID=1233) to work on /opt/airflow/dags/mytutorial.py
[2022-07-30 18:02:40,271] {processor.py:641} INFO - Processing file /opt/airflow/dags/mytutorial.py for tasks to queue
[2022-07-30 18:02:40,275] {logging_mixin.py:115} INFO - [2022-07-30 18:02:40,275] {dagbag.py:508} INFO - Filling up the DagBag from /opt/airflow/dags/mytutorial.py
[2022-07-30 18:02:40,282] {processor.py:651} INFO - DAG(s) dict_keys(['AAA-myExample']) retrieved from /opt/airflow/dags/mytutorial.py
[2022-07-30 18:02:40,324] {logging_mixin.py:115} INFO - [2022-07-30 18:02:40,324] {dag.py:2420} INFO - Sync 1 DAGs
[2022-07-30 18:02:40,419] {logging_mixin.py:115} INFO - [2022-07-30 18:02:40,419] {dag.py:2972} INFO - Setting next_dagrun for AAA-myExample to 2022-07-29T18:02:40.418991+00:00, run_after=2022-07-30T18:02:40.418991+00:00
[2022-07-30 18:02:40,426] {processor.py:161} INFO - Processing /opt/airflow/dags/mytutorial.py took 0.161 seconds
[2022-07-30 18:03:10,841] {processor.py:153} INFO - Started process (PID=1285) to work on /opt/airflow/dags/mytutorial.py
[2022-07-30 18:03:10,842] {processor.py:641} INFO - Processing file /opt/airflow/dags/mytutorial.py for tasks to queue
[2022-07-30 18:03:10,843] {logging_mixin.py:115} INFO - [2022-07-30 18:03:10,843] {dagbag.py:508} INFO - Filling up the DagBag from /opt/airflow/dags/mytutorial.py
[2022-07-30 18:03:10,852] {processor.py:651} INFO - DAG(s) dict_keys(['AAA-myExample']) retrieved from /opt/airflow/dags/mytutorial.py
[2022-07-30 18:03:10,942] {logging_mixin.py:115} INFO - [2022-07-30 18:03:10,942] {dag.py:2420} INFO - Sync 1 DAGs
[2022-07-30 18:03:10,952] {logging_mixin.py:115} INFO - [2022-07-30 18:03:10,952] {dag.py:2972} INFO - Setting next_dagrun for AAA-myExample to 2022-07-29T18:03:10.952053+00:00, run_after=2022-07-30T18:03:10.952053+00:00
[2022-07-30 18:03:10,958] {processor.py:161} INFO - Processing /opt/airflow/dags/mytutorial.py took 0.120 seconds
[2022-07-30 18:03:41,239] {processor.py:153} INFO - Started process (PID=1346) to work on /opt/airflow/dags/mytutorial.py
[2022-07-30 18:03:41,240] {processor.py:641} INFO - Processing file /opt/airflow/dags/mytutorial.py for tasks to queue
[2022-07-30 18:03:41,241] {logging_mixin.py:115} INFO - [2022-07-30 18:03:41,241] {dagbag.py:508} INFO - Filling up the DagBag from /opt/airflow/dags/mytutorial.py
[2022-07-30 18:03:41,247] {processor.py:651} INFO - DAG(s) dict_keys(['AAA-myExample']) retrieved from /opt/airflow/dags/mytutorial.py
[2022-07-30 18:03:41,342] {logging_mixin.py:115} INFO - [2022-07-30 18:03:41,342] {dag.py:2420} INFO - Sync 1 DAGs
[2022-07-30 18:03:41,354] {logging_mixin.py:115} INFO - [2022-07-30 18:03:41,354] {dag.py:2972} INFO - Setting next_dagrun for AAA-myExample to 2022-07-29T18:03:41.354697+00:00, run_after=2022-07-30T18:03:41.354697+00:00
[2022-07-30 18:03:41,361] {processor.py:161} INFO - Processing /opt/airflow/dags/mytutorial.py took 0.125 seconds
[2022-07-30 18:04:11,545] {processor.py:153} INFO - Started process (PID=1406) to work on /opt/airflow/dags/mytutorial.py
[2022-07-30 18:04:11,548] {processor.py:641} INFO - Processing file /opt/airflow/dags/mytutorial.py for tasks to queue
[2022-07-30 18:04:11,549] {logging_mixin.py:115} INFO - [2022-07-30 18:04:11,549] {dagbag.py:508} INFO - Filling up the DagBag from /opt/airflow/dags/mytutorial.py
[2022-07-30 18:04:11,561] {processor.py:651} INFO - DAG(s) dict_keys(['AAA-myExample']) retrieved from /opt/airflow/dags/mytutorial.py
[2022-07-30 18:04:11,655] {logging_mixin.py:115} INFO - [2022-07-30 18:04:11,655] {dag.py:2420} INFO - Sync 1 DAGs
[2022-07-30 18:04:11,668] {logging_mixin.py:115} INFO - [2022-07-30 18:04:11,668] {dag.py:2972} INFO - Setting next_dagrun for AAA-myExample to 2022-07-29T18:04:11.668022+00:00, run_after=2022-07-30T18:04:11.668022+00:00
[2022-07-30 18:04:11,678] {processor.py:161} INFO - Processing /opt/airflow/dags/mytutorial.py took 0.138 seconds
[2022-07-30 18:04:41,725] {processor.py:153} INFO - Started process (PID=1467) to work on /opt/airflow/dags/mytutorial.py
[2022-07-30 18:04:41,727] {processor.py:641} INFO - Processing file /opt/airflow/dags/mytutorial.py for tasks to queue
[2022-07-30 18:04:41,730] {logging_mixin.py:115} INFO - [2022-07-30 18:04:41,730] {dagbag.py:508} INFO - Filling up the DagBag from /opt/airflow/dags/mytutorial.py
[2022-07-30 18:04:41,745] {processor.py:651} INFO - DAG(s) dict_keys(['AAA-myExample']) retrieved from /opt/airflow/dags/mytutorial.py
[2022-07-30 18:04:41,850] {logging_mixin.py:115} INFO - [2022-07-30 18:04:41,850] {dag.py:2420} INFO - Sync 1 DAGs
[2022-07-30 18:04:41,862] {logging_mixin.py:115} INFO - [2022-07-30 18:04:41,862] {dag.py:2972} INFO - Setting next_dagrun for AAA-myExample to 2022-07-29T18:04:41.862726+00:00, run_after=2022-07-30T18:04:41.862726+00:00
[2022-07-30 18:04:41,869] {processor.py:161} INFO - Processing /opt/airflow/dags/mytutorial.py took 0.150 seconds
[2022-07-30 18:05:11,950] {processor.py:153} INFO - Started process (PID=1529) to work on /opt/airflow/dags/mytutorial.py
[2022-07-30 18:05:11,952] {processor.py:641} INFO - Processing file /opt/airflow/dags/mytutorial.py for tasks to queue
[2022-07-30 18:05:11,953] {logging_mixin.py:115} INFO - [2022-07-30 18:05:11,953] {dagbag.py:508} INFO - Filling up the DagBag from /opt/airflow/dags/mytutorial.py
[2022-07-30 18:05:11,959] {processor.py:651} INFO - DAG(s) dict_keys(['AAA-myExample']) retrieved from /opt/airflow/dags/mytutorial.py
[2022-07-30 18:05:12,057] {logging_mixin.py:115} INFO - [2022-07-30 18:05:12,057] {dag.py:2420} INFO - Sync 1 DAGs
[2022-07-30 18:05:12,087] {logging_mixin.py:115} INFO - [2022-07-30 18:05:12,087] {dag.py:2972} INFO - Setting next_dagrun for AAA-myExample to 2022-07-29T18:05:12.087418+00:00, run_after=2022-07-30T18:05:12.087418+00:00
[2022-07-30 18:05:12,097] {processor.py:161} INFO - Processing /opt/airflow/dags/mytutorial.py took 0.149 seconds
[2022-07-30 18:05:42,591] {processor.py:153} INFO - Started process (PID=1583) to work on /opt/airflow/dags/mytutorial.py
[2022-07-30 18:05:42,593] {processor.py:641} INFO - Processing file /opt/airflow/dags/mytutorial.py for tasks to queue
[2022-07-30 18:05:42,595] {logging_mixin.py:115} INFO - [2022-07-30 18:05:42,595] {dagbag.py:508} INFO - Filling up the DagBag from /opt/airflow/dags/mytutorial.py
[2022-07-30 18:05:42,610] {processor.py:651} INFO - DAG(s) dict_keys(['AAA-myExample']) retrieved from /opt/airflow/dags/mytutorial.py
[2022-07-30 18:05:42,708] {logging_mixin.py:115} INFO - [2022-07-30 18:05:42,708] {dag.py:2420} INFO - Sync 1 DAGs
[2022-07-30 18:05:42,717] {logging_mixin.py:115} INFO - [2022-07-30 18:05:42,717] {dag.py:2972} INFO - Setting next_dagrun for AAA-myExample to 2022-07-29T18:05:42.717355+00:00, run_after=2022-07-30T18:05:42.717355+00:00
[2022-07-30 18:05:42,723] {processor.py:161} INFO - Processing /opt/airflow/dags/mytutorial.py took 0.138 seconds
[2022-07-30 18:06:12,928] {processor.py:153} INFO - Started process (PID=1644) to work on /opt/airflow/dags/mytutorial.py
[2022-07-30 18:06:12,930] {processor.py:641} INFO - Processing file /opt/airflow/dags/mytutorial.py for tasks to queue
[2022-07-30 18:06:12,932] {logging_mixin.py:115} INFO - [2022-07-30 18:06:12,932] {dagbag.py:508} INFO - Filling up the DagBag from /opt/airflow/dags/mytutorial.py
[2022-07-30 18:06:12,945] {processor.py:651} INFO - DAG(s) dict_keys(['AAA-myExample']) retrieved from /opt/airflow/dags/mytutorial.py
[2022-07-30 18:06:13,048] {logging_mixin.py:115} INFO - [2022-07-30 18:06:13,047] {dag.py:2420} INFO - Sync 1 DAGs
[2022-07-30 18:06:13,058] {logging_mixin.py:115} INFO - [2022-07-30 18:06:13,058] {dag.py:2972} INFO - Setting next_dagrun for AAA-myExample to 2022-07-29T18:06:13.058541+00:00, run_after=2022-07-30T18:06:13.058541+00:00
[2022-07-30 18:06:13,065] {processor.py:161} INFO - Processing /opt/airflow/dags/mytutorial.py took 0.142 seconds
[2022-07-30 18:06:43,128] {processor.py:153} INFO - Started process (PID=1704) to work on /opt/airflow/dags/mytutorial.py
[2022-07-30 18:06:43,130] {processor.py:641} INFO - Processing file /opt/airflow/dags/mytutorial.py for tasks to queue
[2022-07-30 18:06:43,132] {logging_mixin.py:115} INFO - [2022-07-30 18:06:43,132] {dagbag.py:508} INFO - Filling up the DagBag from /opt/airflow/dags/mytutorial.py
[2022-07-30 18:06:43,144] {processor.py:651} INFO - DAG(s) dict_keys(['AAA-myExample']) retrieved from /opt/airflow/dags/mytutorial.py
[2022-07-30 18:06:43,238] {logging_mixin.py:115} INFO - [2022-07-30 18:06:43,238] {dag.py:2420} INFO - Sync 1 DAGs
[2022-07-30 18:06:43,248] {logging_mixin.py:115} INFO - [2022-07-30 18:06:43,248] {dag.py:2972} INFO - Setting next_dagrun for AAA-myExample to 2022-07-29T18:06:43.248422+00:00, run_after=2022-07-30T18:06:43.248422+00:00
[2022-07-30 18:06:43,254] {processor.py:161} INFO - Processing /opt/airflow/dags/mytutorial.py took 0.131 seconds
[2022-07-30 18:07:13,417] {processor.py:153} INFO - Started process (PID=1765) to work on /opt/airflow/dags/mytutorial.py
[2022-07-30 18:07:13,420] {processor.py:641} INFO - Processing file /opt/airflow/dags/mytutorial.py for tasks to queue
[2022-07-30 18:07:13,422] {logging_mixin.py:115} INFO - [2022-07-30 18:07:13,421] {dagbag.py:508} INFO - Filling up the DagBag from /opt/airflow/dags/mytutorial.py
[2022-07-30 18:07:13,435] {processor.py:651} INFO - DAG(s) dict_keys(['AAA-myExample']) retrieved from /opt/airflow/dags/mytutorial.py
[2022-07-30 18:07:13,528] {logging_mixin.py:115} INFO - [2022-07-30 18:07:13,528] {dag.py:2420} INFO - Sync 1 DAGs
[2022-07-30 18:07:13,538] {logging_mixin.py:115} INFO - [2022-07-30 18:07:13,538] {dag.py:2972} INFO - Setting next_dagrun for AAA-myExample to 2022-07-29T18:07:13.537934+00:00, run_after=2022-07-30T18:07:13.537934+00:00
[2022-07-30 18:07:13,544] {processor.py:161} INFO - Processing /opt/airflow/dags/mytutorial.py took 0.133 seconds
[2022-07-30 18:07:43,682] {processor.py:153} INFO - Started process (PID=1827) to work on /opt/airflow/dags/mytutorial.py
[2022-07-30 18:07:43,683] {processor.py:641} INFO - Processing file /opt/airflow/dags/mytutorial.py for tasks to queue
[2022-07-30 18:07:43,684] {logging_mixin.py:115} INFO - [2022-07-30 18:07:43,684] {dagbag.py:508} INFO - Filling up the DagBag from /opt/airflow/dags/mytutorial.py
[2022-07-30 18:07:43,694] {processor.py:651} INFO - DAG(s) dict_keys(['AAA-myExample']) retrieved from /opt/airflow/dags/mytutorial.py
[2022-07-30 18:07:43,793] {logging_mixin.py:115} INFO - [2022-07-30 18:07:43,793] {dag.py:2420} INFO - Sync 1 DAGs
[2022-07-30 18:07:43,805] {logging_mixin.py:115} INFO - [2022-07-30 18:07:43,805] {dag.py:2972} INFO - Setting next_dagrun for AAA-myExample to 2022-07-29T18:07:43.805430+00:00, run_after=2022-07-30T18:07:43.805430+00:00
[2022-07-30 18:07:43,813] {processor.py:161} INFO - Processing /opt/airflow/dags/mytutorial.py took 0.134 seconds
[2022-07-30 18:08:14,045] {processor.py:153} INFO - Started process (PID=1878) to work on /opt/airflow/dags/mytutorial.py
[2022-07-30 18:08:14,047] {processor.py:641} INFO - Processing file /opt/airflow/dags/mytutorial.py for tasks to queue
[2022-07-30 18:08:14,049] {logging_mixin.py:115} INFO - [2022-07-30 18:08:14,049] {dagbag.py:508} INFO - Filling up the DagBag from /opt/airflow/dags/mytutorial.py
[2022-07-30 18:08:14,065] {processor.py:651} INFO - DAG(s) dict_keys(['AAA-myExample']) retrieved from /opt/airflow/dags/mytutorial.py
[2022-07-30 18:08:14,158] {logging_mixin.py:115} INFO - [2022-07-30 18:08:14,158] {dag.py:2420} INFO - Sync 1 DAGs
[2022-07-30 18:08:14,169] {logging_mixin.py:115} INFO - [2022-07-30 18:08:14,169] {dag.py:2972} INFO - Setting next_dagrun for AAA-myExample to 2022-07-29T18:08:14.169441+00:00, run_after=2022-07-30T18:08:14.169441+00:00
[2022-07-30 18:08:14,180] {processor.py:161} INFO - Processing /opt/airflow/dags/mytutorial.py took 0.141 seconds
[2022-07-30 18:08:44,281] {processor.py:153} INFO - Started process (PID=1940) to work on /opt/airflow/dags/mytutorial.py
[2022-07-30 18:08:44,284] {processor.py:641} INFO - Processing file /opt/airflow/dags/mytutorial.py for tasks to queue
[2022-07-30 18:08:44,286] {logging_mixin.py:115} INFO - [2022-07-30 18:08:44,286] {dagbag.py:508} INFO - Filling up the DagBag from /opt/airflow/dags/mytutorial.py
[2022-07-30 18:08:44,305] {processor.py:651} INFO - DAG(s) dict_keys(['AAA-myExample']) retrieved from /opt/airflow/dags/mytutorial.py
[2022-07-30 18:08:44,399] {logging_mixin.py:115} INFO - [2022-07-30 18:08:44,398] {dag.py:2420} INFO - Sync 1 DAGs
[2022-07-30 18:08:44,408] {logging_mixin.py:115} INFO - [2022-07-30 18:08:44,408] {dag.py:2972} INFO - Setting next_dagrun for AAA-myExample to 2022-07-29T18:08:44.408517+00:00, run_after=2022-07-30T18:08:44.408517+00:00
[2022-07-30 18:08:44,414] {processor.py:161} INFO - Processing /opt/airflow/dags/mytutorial.py took 0.139 seconds
[2022-07-30 18:09:15,361] {processor.py:153} INFO - Started process (PID=2000) to work on /opt/airflow/dags/mytutorial.py
[2022-07-30 18:09:15,363] {processor.py:641} INFO - Processing file /opt/airflow/dags/mytutorial.py for tasks to queue
[2022-07-30 18:09:15,365] {logging_mixin.py:115} INFO - [2022-07-30 18:09:15,365] {dagbag.py:508} INFO - Filling up the DagBag from /opt/airflow/dags/mytutorial.py
[2022-07-30 18:09:15,381] {processor.py:651} INFO - DAG(s) dict_keys(['AAA-myExample']) retrieved from /opt/airflow/dags/mytutorial.py
[2022-07-30 18:09:15,473] {logging_mixin.py:115} INFO - [2022-07-30 18:09:15,473] {dag.py:2420} INFO - Sync 1 DAGs
[2022-07-30 18:09:15,483] {logging_mixin.py:115} INFO - [2022-07-30 18:09:15,483] {dag.py:2972} INFO - Setting next_dagrun for AAA-myExample to 2022-07-29T18:09:15.483292+00:00, run_after=2022-07-30T18:09:15.483292+00:00
[2022-07-30 18:09:15,491] {processor.py:161} INFO - Processing /opt/airflow/dags/mytutorial.py took 0.135 seconds
[2022-07-30 18:09:46,321] {processor.py:153} INFO - Started process (PID=2062) to work on /opt/airflow/dags/mytutorial.py
[2022-07-30 18:09:46,323] {processor.py:641} INFO - Processing file /opt/airflow/dags/mytutorial.py for tasks to queue
[2022-07-30 18:09:46,325] {logging_mixin.py:115} INFO - [2022-07-30 18:09:46,325] {dagbag.py:508} INFO - Filling up the DagBag from /opt/airflow/dags/mytutorial.py
[2022-07-30 18:09:46,340] {processor.py:651} INFO - DAG(s) dict_keys(['AAA-myExample']) retrieved from /opt/airflow/dags/mytutorial.py
[2022-07-30 18:09:46,430] {logging_mixin.py:115} INFO - [2022-07-30 18:09:46,430] {dag.py:2420} INFO - Sync 1 DAGs
[2022-07-30 18:09:46,440] {logging_mixin.py:115} INFO - [2022-07-30 18:09:46,439] {dag.py:2972} INFO - Setting next_dagrun for AAA-myExample to 2022-07-29T18:09:46.439895+00:00, run_after=2022-07-30T18:09:46.439895+00:00
[2022-07-30 18:09:46,446] {processor.py:161} INFO - Processing /opt/airflow/dags/mytutorial.py took 0.130 seconds
[2022-07-30 18:10:17,131] {processor.py:153} INFO - Started process (PID=2124) to work on /opt/airflow/dags/mytutorial.py
[2022-07-30 18:10:17,134] {processor.py:641} INFO - Processing file /opt/airflow/dags/mytutorial.py for tasks to queue
[2022-07-30 18:10:17,136] {logging_mixin.py:115} INFO - [2022-07-30 18:10:17,136] {dagbag.py:508} INFO - Filling up the DagBag from /opt/airflow/dags/mytutorial.py
[2022-07-30 18:10:17,153] {processor.py:651} INFO - DAG(s) dict_keys(['AAA-myExample']) retrieved from /opt/airflow/dags/mytutorial.py
[2022-07-30 18:10:17,248] {logging_mixin.py:115} INFO - [2022-07-30 18:10:17,248] {dag.py:2420} INFO - Sync 1 DAGs
[2022-07-30 18:10:17,258] {logging_mixin.py:115} INFO - [2022-07-30 18:10:17,258] {dag.py:2972} INFO - Setting next_dagrun for AAA-myExample to 2022-07-29T18:10:17.258287+00:00, run_after=2022-07-30T18:10:17.258287+00:00
[2022-07-30 18:10:17,264] {processor.py:161} INFO - Processing /opt/airflow/dags/mytutorial.py took 0.139 seconds
[2022-07-30 18:10:48,136] {processor.py:153} INFO - Started process (PID=2184) to work on /opt/airflow/dags/mytutorial.py
[2022-07-30 18:10:48,137] {processor.py:641} INFO - Processing file /opt/airflow/dags/mytutorial.py for tasks to queue
[2022-07-30 18:10:48,137] {logging_mixin.py:115} INFO - [2022-07-30 18:10:48,137] {dagbag.py:508} INFO - Filling up the DagBag from /opt/airflow/dags/mytutorial.py
[2022-07-30 18:10:48,146] {processor.py:651} INFO - DAG(s) dict_keys(['AAA-myExample']) retrieved from /opt/airflow/dags/mytutorial.py
[2022-07-30 18:10:48,237] {logging_mixin.py:115} INFO - [2022-07-30 18:10:48,237] {dag.py:2420} INFO - Sync 1 DAGs
[2022-07-30 18:10:48,247] {logging_mixin.py:115} INFO - [2022-07-30 18:10:48,247] {dag.py:2972} INFO - Setting next_dagrun for AAA-myExample to 2022-07-29T18:10:48.247526+00:00, run_after=2022-07-30T18:10:48.247526+00:00
[2022-07-30 18:10:48,253] {processor.py:161} INFO - Processing /opt/airflow/dags/mytutorial.py took 0.119 seconds
[2022-07-30 18:11:18,485] {processor.py:153} INFO - Started process (PID=2237) to work on /opt/airflow/dags/mytutorial.py
[2022-07-30 18:11:18,488] {processor.py:641} INFO - Processing file /opt/airflow/dags/mytutorial.py for tasks to queue
[2022-07-30 18:11:18,492] {logging_mixin.py:115} INFO - [2022-07-30 18:11:18,491] {dagbag.py:508} INFO - Filling up the DagBag from /opt/airflow/dags/mytutorial.py
[2022-07-30 18:11:18,510] {processor.py:651} INFO - DAG(s) dict_keys(['AAA-myExample']) retrieved from /opt/airflow/dags/mytutorial.py
[2022-07-30 18:11:18,612] {logging_mixin.py:115} INFO - [2022-07-30 18:11:18,612] {dag.py:2420} INFO - Sync 1 DAGs
[2022-07-30 18:11:18,621] {logging_mixin.py:115} INFO - [2022-07-30 18:11:18,621] {dag.py:2972} INFO - Setting next_dagrun for AAA-myExample to 2022-07-29T18:11:18.621794+00:00, run_after=2022-07-30T18:11:18.621794+00:00
[2022-07-30 18:11:18,628] {processor.py:161} INFO - Processing /opt/airflow/dags/mytutorial.py took 0.147 seconds
[2022-07-30 18:11:49,270] {processor.py:153} INFO - Started process (PID=2299) to work on /opt/airflow/dags/mytutorial.py
[2022-07-30 18:11:49,272] {processor.py:641} INFO - Processing file /opt/airflow/dags/mytutorial.py for tasks to queue
[2022-07-30 18:11:49,273] {logging_mixin.py:115} INFO - [2022-07-30 18:11:49,273] {dagbag.py:508} INFO - Filling up the DagBag from /opt/airflow/dags/mytutorial.py
[2022-07-30 18:11:49,284] {processor.py:651} INFO - DAG(s) dict_keys(['AAA-myExample']) retrieved from /opt/airflow/dags/mytutorial.py
[2022-07-30 18:11:49,370] {logging_mixin.py:115} INFO - [2022-07-30 18:11:49,370] {dag.py:2420} INFO - Sync 1 DAGs
[2022-07-30 18:11:49,380] {logging_mixin.py:115} INFO - [2022-07-30 18:11:49,380] {dag.py:2972} INFO - Setting next_dagrun for AAA-myExample to 2022-07-29T18:11:49.380117+00:00, run_after=2022-07-30T18:11:49.380117+00:00
[2022-07-30 18:11:49,386] {processor.py:161} INFO - Processing /opt/airflow/dags/mytutorial.py took 0.118 seconds
[2022-07-30 18:12:19,536] {processor.py:153} INFO - Started process (PID=2360) to work on /opt/airflow/dags/mytutorial.py
[2022-07-30 18:12:19,537] {processor.py:641} INFO - Processing file /opt/airflow/dags/mytutorial.py for tasks to queue
[2022-07-30 18:12:19,538] {logging_mixin.py:115} INFO - [2022-07-30 18:12:19,538] {dagbag.py:508} INFO - Filling up the DagBag from /opt/airflow/dags/mytutorial.py
[2022-07-30 18:12:19,547] {processor.py:651} INFO - DAG(s) dict_keys(['AAA-myExample']) retrieved from /opt/airflow/dags/mytutorial.py
[2022-07-30 18:12:19,631] {logging_mixin.py:115} INFO - [2022-07-30 18:12:19,631] {dag.py:2420} INFO - Sync 1 DAGs
[2022-07-30 18:12:19,641] {logging_mixin.py:115} INFO - [2022-07-30 18:12:19,641] {dag.py:2972} INFO - Setting next_dagrun for AAA-myExample to 2022-07-29T18:12:19.641122+00:00, run_after=2022-07-30T18:12:19.641122+00:00
[2022-07-30 18:12:19,647] {processor.py:161} INFO - Processing /opt/airflow/dags/mytutorial.py took 0.113 seconds
[2022-07-30 18:12:49,706] {processor.py:153} INFO - Started process (PID=2421) to work on /opt/airflow/dags/mytutorial.py
[2022-07-30 18:12:49,707] {processor.py:641} INFO - Processing file /opt/airflow/dags/mytutorial.py for tasks to queue
[2022-07-30 18:12:49,708] {logging_mixin.py:115} INFO - [2022-07-30 18:12:49,708] {dagbag.py:508} INFO - Filling up the DagBag from /opt/airflow/dags/mytutorial.py
[2022-07-30 18:12:49,716] {processor.py:651} INFO - DAG(s) dict_keys(['AAA-myExample']) retrieved from /opt/airflow/dags/mytutorial.py
[2022-07-30 18:12:49,801] {logging_mixin.py:115} INFO - [2022-07-30 18:12:49,801] {dag.py:2420} INFO - Sync 1 DAGs
[2022-07-30 18:12:49,811] {logging_mixin.py:115} INFO - [2022-07-30 18:12:49,811] {dag.py:2972} INFO - Setting next_dagrun for AAA-myExample to 2022-07-29T18:12:49.811247+00:00, run_after=2022-07-30T18:12:49.811247+00:00
[2022-07-30 18:12:49,817] {processor.py:161} INFO - Processing /opt/airflow/dags/mytutorial.py took 0.113 seconds
[2022-07-30 18:13:19,907] {processor.py:153} INFO - Started process (PID=2482) to work on /opt/airflow/dags/mytutorial.py
[2022-07-30 18:13:19,912] {processor.py:641} INFO - Processing file /opt/airflow/dags/mytutorial.py for tasks to queue
[2022-07-30 18:13:19,913] {logging_mixin.py:115} INFO - [2022-07-30 18:13:19,913] {dagbag.py:508} INFO - Filling up the DagBag from /opt/airflow/dags/mytutorial.py
[2022-07-30 18:13:19,919] {processor.py:651} INFO - DAG(s) dict_keys(['AAA-myExample']) retrieved from /opt/airflow/dags/mytutorial.py
[2022-07-30 18:13:20,059] {logging_mixin.py:115} INFO - [2022-07-30 18:13:20,059] {dag.py:2420} INFO - Sync 1 DAGs
[2022-07-30 18:13:20,073] {logging_mixin.py:115} INFO - [2022-07-30 18:13:20,073] {dag.py:2972} INFO - Setting next_dagrun for AAA-myExample to 2022-07-29T18:13:20.073271+00:00, run_after=2022-07-30T18:13:20.073271+00:00
[2022-07-30 18:13:20,080] {processor.py:161} INFO - Processing /opt/airflow/dags/mytutorial.py took 0.176 seconds
[2022-07-30 18:13:50,324] {processor.py:153} INFO - Started process (PID=2534) to work on /opt/airflow/dags/mytutorial.py
[2022-07-30 18:13:50,326] {processor.py:641} INFO - Processing file /opt/airflow/dags/mytutorial.py for tasks to queue
[2022-07-30 18:13:50,326] {logging_mixin.py:115} INFO - [2022-07-30 18:13:50,326] {dagbag.py:508} INFO - Filling up the DagBag from /opt/airflow/dags/mytutorial.py
[2022-07-30 18:13:50,333] {processor.py:651} INFO - DAG(s) dict_keys(['AAA-myExample']) retrieved from /opt/airflow/dags/mytutorial.py
[2022-07-30 18:13:50,431] {logging_mixin.py:115} INFO - [2022-07-30 18:13:50,431] {dag.py:2420} INFO - Sync 1 DAGs
[2022-07-30 18:13:50,441] {logging_mixin.py:115} INFO - [2022-07-30 18:13:50,441] {dag.py:2972} INFO - Setting next_dagrun for AAA-myExample to 2022-07-29T18:13:50.441461+00:00, run_after=2022-07-30T18:13:50.441461+00:00
[2022-07-30 18:13:50,447] {processor.py:161} INFO - Processing /opt/airflow/dags/mytutorial.py took 0.125 seconds
[2022-07-30 18:14:20,818] {processor.py:153} INFO - Started process (PID=2595) to work on /opt/airflow/dags/mytutorial.py
[2022-07-30 18:14:20,821] {processor.py:641} INFO - Processing file /opt/airflow/dags/mytutorial.py for tasks to queue
[2022-07-30 18:14:20,822] {logging_mixin.py:115} INFO - [2022-07-30 18:14:20,822] {dagbag.py:508} INFO - Filling up the DagBag from /opt/airflow/dags/mytutorial.py
[2022-07-30 18:14:20,829] {processor.py:651} INFO - DAG(s) dict_keys(['AAA-myExample']) retrieved from /opt/airflow/dags/mytutorial.py
[2022-07-30 18:14:20,920] {logging_mixin.py:115} INFO - [2022-07-30 18:14:20,920] {dag.py:2420} INFO - Sync 1 DAGs
[2022-07-30 18:14:20,930] {logging_mixin.py:115} INFO - [2022-07-30 18:14:20,930] {dag.py:2972} INFO - Setting next_dagrun for AAA-myExample to 2022-07-29T18:14:20.930809+00:00, run_after=2022-07-30T18:14:20.930809+00:00
[2022-07-30 18:14:20,937] {processor.py:161} INFO - Processing /opt/airflow/dags/mytutorial.py took 0.121 seconds
[2022-07-30 18:14:51,835] {processor.py:153} INFO - Started process (PID=2658) to work on /opt/airflow/dags/mytutorial.py
[2022-07-30 18:14:51,838] {processor.py:641} INFO - Processing file /opt/airflow/dags/mytutorial.py for tasks to queue
[2022-07-30 18:14:51,840] {logging_mixin.py:115} INFO - [2022-07-30 18:14:51,840] {dagbag.py:508} INFO - Filling up the DagBag from /opt/airflow/dags/mytutorial.py
[2022-07-30 18:14:51,852] {processor.py:651} INFO - DAG(s) dict_keys(['AAA-myExample']) retrieved from /opt/airflow/dags/mytutorial.py
[2022-07-30 18:14:51,959] {logging_mixin.py:115} INFO - [2022-07-30 18:14:51,959] {dag.py:2420} INFO - Sync 1 DAGs
[2022-07-30 18:14:51,969] {logging_mixin.py:115} INFO - [2022-07-30 18:14:51,969] {dag.py:2972} INFO - Setting next_dagrun for AAA-myExample to 2022-07-29T18:14:51.969687+00:00, run_after=2022-07-30T18:14:51.969687+00:00
[2022-07-30 18:14:51,976] {processor.py:161} INFO - Processing /opt/airflow/dags/mytutorial.py took 0.146 seconds
[2022-07-30 18:15:22,968] {processor.py:153} INFO - Started process (PID=2720) to work on /opt/airflow/dags/mytutorial.py
[2022-07-30 18:15:22,970] {processor.py:641} INFO - Processing file /opt/airflow/dags/mytutorial.py for tasks to queue
[2022-07-30 18:15:22,972] {logging_mixin.py:115} INFO - [2022-07-30 18:15:22,972] {dagbag.py:508} INFO - Filling up the DagBag from /opt/airflow/dags/mytutorial.py
[2022-07-30 18:15:22,983] {processor.py:651} INFO - DAG(s) dict_keys(['AAA-myExample']) retrieved from /opt/airflow/dags/mytutorial.py
[2022-07-30 18:15:23,084] {logging_mixin.py:115} INFO - [2022-07-30 18:15:23,084] {dag.py:2420} INFO - Sync 1 DAGs
[2022-07-30 18:15:23,094] {logging_mixin.py:115} INFO - [2022-07-30 18:15:23,094] {dag.py:2972} INFO - Setting next_dagrun for AAA-myExample to 2022-07-29T18:15:23.094258+00:00, run_after=2022-07-30T18:15:23.094258+00:00
[2022-07-30 18:15:23,100] {processor.py:161} INFO - Processing /opt/airflow/dags/mytutorial.py took 0.137 seconds
[2022-07-30 18:15:53,232] {processor.py:153} INFO - Started process (PID=2782) to work on /opt/airflow/dags/mytutorial.py
[2022-07-30 18:15:53,235] {processor.py:641} INFO - Processing file /opt/airflow/dags/mytutorial.py for tasks to queue
[2022-07-30 18:15:53,237] {logging_mixin.py:115} INFO - [2022-07-30 18:15:53,236] {dagbag.py:508} INFO - Filling up the DagBag from /opt/airflow/dags/mytutorial.py
[2022-07-30 18:15:53,247] {processor.py:651} INFO - DAG(s) dict_keys(['AAA-myExample']) retrieved from /opt/airflow/dags/mytutorial.py
[2022-07-30 18:15:53,341] {logging_mixin.py:115} INFO - [2022-07-30 18:15:53,341] {dag.py:2420} INFO - Sync 1 DAGs
[2022-07-30 18:15:53,351] {logging_mixin.py:115} INFO - [2022-07-30 18:15:53,351] {dag.py:2972} INFO - Setting next_dagrun for AAA-myExample to 2022-07-29T18:15:53.351392+00:00, run_after=2022-07-30T18:15:53.351392+00:00
[2022-07-30 18:15:53,357] {processor.py:161} INFO - Processing /opt/airflow/dags/mytutorial.py took 0.130 seconds
[2022-07-30 18:16:23,489] {processor.py:153} INFO - Started process (PID=2841) to work on /opt/airflow/dags/mytutorial.py
[2022-07-30 18:16:23,492] {processor.py:641} INFO - Processing file /opt/airflow/dags/mytutorial.py for tasks to queue
[2022-07-30 18:16:23,493] {logging_mixin.py:115} INFO - [2022-07-30 18:16:23,493] {dagbag.py:508} INFO - Filling up the DagBag from /opt/airflow/dags/mytutorial.py
[2022-07-30 18:16:23,499] {processor.py:651} INFO - DAG(s) dict_keys(['AAA-myExample']) retrieved from /opt/airflow/dags/mytutorial.py
[2022-07-30 18:16:23,601] {logging_mixin.py:115} INFO - [2022-07-30 18:16:23,601] {dag.py:2420} INFO - Sync 1 DAGs
[2022-07-30 18:16:23,614] {logging_mixin.py:115} INFO - [2022-07-30 18:16:23,614] {dag.py:2972} INFO - Setting next_dagrun for AAA-myExample to 2022-07-29T18:16:23.614178+00:00, run_after=2022-07-30T18:16:23.614178+00:00
[2022-07-30 18:16:23,622] {processor.py:161} INFO - Processing /opt/airflow/dags/mytutorial.py took 0.136 seconds
[2022-07-30 18:16:53,777] {processor.py:153} INFO - Started process (PID=2895) to work on /opt/airflow/dags/mytutorial.py
[2022-07-30 18:16:53,779] {processor.py:641} INFO - Processing file /opt/airflow/dags/mytutorial.py for tasks to queue
[2022-07-30 18:16:53,781] {logging_mixin.py:115} INFO - [2022-07-30 18:16:53,781] {dagbag.py:508} INFO - Filling up the DagBag from /opt/airflow/dags/mytutorial.py
[2022-07-30 18:16:53,797] {processor.py:651} INFO - DAG(s) dict_keys(['AAA-myExample']) retrieved from /opt/airflow/dags/mytutorial.py
[2022-07-30 18:16:53,900] {logging_mixin.py:115} INFO - [2022-07-30 18:16:53,900] {dag.py:2420} INFO - Sync 1 DAGs
[2022-07-30 18:16:53,911] {logging_mixin.py:115} INFO - [2022-07-30 18:16:53,911] {dag.py:2972} INFO - Setting next_dagrun for AAA-myExample to 2022-07-29T18:16:53.911030+00:00, run_after=2022-07-30T18:16:53.911030+00:00
[2022-07-30 18:16:53,918] {processor.py:161} INFO - Processing /opt/airflow/dags/mytutorial.py took 0.145 seconds
